0 verbose cli /Users/anubhabrakshit/.nvm/versions/node/v22.15.1/bin/node /Users/anubhabrakshit/.nvm/versions/node/v22.15.1/bin/npm
1 info using npm@11.8.0
2 info using node@v22.15.1
3 silly config load:file:/Users/anubhabrakshit/.nvm/versions/node/v22.15.1/lib/node_modules/npm/npmrc
4 silly config load:file:/Users/anubhabrakshit/Projects/Intern/pollflow/pollflow-realtime/.npmrc
5 silly config load:file:/Users/anubhabrakshit/.npmrc
6 silly config load:file:/Users/anubhabrakshit/.nvm/versions/node/v22.15.1/etc/npmrc
7 verbose title npm install @types/bcryptjs @types/node @types/react @types/react-dom
8 verbose argv "install" "--save-dev" "@types/bcryptjs" "@types/node" "@types/react" "@types/react-dom"
9 verbose logfile logs-max:10 dir:/Users/anubhabrakshit/Projects/Intern/pollflow/pollflow-realtime/.npm-cache/_logs/2026-02-14T13_50_11_175Z-
10 verbose logfile /Users/anubhabrakshit/Projects/Intern/pollflow/pollflow-realtime/.npm-cache/_logs/2026-02-14T13_50_11_175Z-debug-0.log
11 silly logfile done cleaning log files
12 silly packumentCache heap:4345298944 maxSize:1086324736 maxEntrySize:543162368
13 verbose shrinkwrap failed to load node_modules/.package-lock.json out of date, updated: node_modules
14 silly idealTree buildDeps
15 silly fetch manifest @types/node@^20
16 silly packumentCache full:https://registry.npmjs.org/@types%2fnode cache-miss
17 http fetch GET 200 https://registry.npmjs.org/@types%2fnode 1936ms (cache miss)
18 silly packumentCache full:https://registry.npmjs.org/@types%2fnode set size:undefined disposed:false
19 silly fetch manifest @types/react@^19
20 silly packumentCache full:https://registry.npmjs.org/@types%2freact cache-miss
21 http fetch GET 200 https://registry.npmjs.org/@types%2freact 196ms (cache miss)
22 silly packumentCache full:https://registry.npmjs.org/@types%2freact set size:undefined disposed:false
23 silly fetch manifest @types/react-dom@^19
24 silly packumentCache full:https://registry.npmjs.org/@types%2freact-dom cache-miss
25 http fetch GET 200 https://registry.npmjs.org/@types%2freact-dom 593ms (cache miss)
26 silly packumentCache full:https://registry.npmjs.org/@types%2freact-dom set size:undefined disposed:false
27 silly fetch manifest @types/bcryptjs@*
28 silly packumentCache full:https://registry.npmjs.org/@types%2fbcryptjs cache-miss
29 http fetch GET 200 https://registry.npmjs.org/@types%2fbcryptjs 89ms (cache miss)
30 silly packumentCache full:https://registry.npmjs.org/@types%2fbcryptjs set size:undefined disposed:false
31 silly placeDep ROOT @types/bcryptjs@2.4.6 OK for: pollflow-realtime@0.1.0 want: *
32 silly placeDep ROOT @types/node@20.19.33 REPLACE for: pollflow-realtime@0.1.0 want: ^20
33 silly placeDep ROOT @types/react@19.2.14 REPLACE for: pollflow-realtime@0.1.0 want: ^19
34 silly placeDep ROOT @types/react-dom@19.2.3 REPLACE for: pollflow-realtime@0.1.0 want: ^19
35 silly reify mark retired [
35 silly reify   '/Users/anubhabrakshit/Projects/Intern/pollflow/pollflow-realtime/node_modules/bcryptjs'
35 silly reify ]
36 silly reify mark retired [
36 silly reify   '/Users/anubhabrakshit/Projects/Intern/pollflow/pollflow-realtime/node_modules/framer-motion'
36 silly reify ]
37 silly reify mark retired [
37 silly reify   '/Users/anubhabrakshit/Projects/Intern/pollflow/pollflow-realtime/node_modules/lucide-react'
37 silly reify ]
38 silly reify mark retired [
38 silly reify   '/Users/anubhabrakshit/Projects/Intern/pollflow/pollflow-realtime/node_modules/nanoid'
38 silly reify ]
39 silly reify mark retired [
39 silly reify   '/Users/anubhabrakshit/Projects/Intern/pollflow/pollflow-realtime/node_modules/react-hot-toast'
39 silly reify ]
40 silly reify mark retired [
40 silly reify   '/Users/anubhabrakshit/Projects/Intern/pollflow/pollflow-realtime/node_modules/socket.io'
40 silly reify ]
41 silly reify mark retired [
41 silly reify   '/Users/anubhabrakshit/Projects/Intern/pollflow/pollflow-realtime/node_modules/tailwind-merge'
41 silly reify ]
42 silly reify mark retired [
42 silly reify   '/Users/anubhabrakshit/Projects/Intern/pollflow/pollflow-realtime/node_modules/@fingerprintjs/fingerprintjs'
42 silly reify ]
43 silly reify mark retired [
43 silly reify   '/Users/anubhabrakshit/Projects/Intern/pollflow/pollflow-realtime/node_modules/@supabase/auth-js'
43 silly reify ]
44 silly reify mark retired [
44 silly reify   '/Users/anubhabrakshit/Projects/Intern/pollflow/pollflow-realtime/node_modules/@supabase/functions-js'
44 silly reify ]
45 silly reify mark retired [
45 silly reify   '/Users/anubhabrakshit/Projects/Intern/pollflow/pollflow-realtime/node_modules/@supabase/postgrest-js'
45 silly reify ]
46 silly reify mark retired [
46 silly reify   '/Users/anubhabrakshit/Projects/Intern/pollflow/pollflow-realtime/node_modules/@supabase/realtime-js'
46 silly reify ]
47 silly reify mark retired [
47 silly reify   '/Users/anubhabrakshit/Projects/Intern/pollflow/pollflow-realtime/node_modules/@supabase/storage-js'
47 silly reify ]
48 silly reify mark retired [
48 silly reify   '/Users/anubhabrakshit/Projects/Intern/pollflow/pollflow-realtime/node_modules/@supabase/supabase-js'
48 silly reify ]
49 silly reify mark retired [
49 silly reify   '/Users/anubhabrakshit/Projects/Intern/pollflow/pollflow-realtime/node_modules/@types/phoenix'
49 silly reify ]
50 silly reify mark retired [
50 silly reify   '/Users/anubhabrakshit/Projects/Intern/pollflow/pollflow-realtime/node_modules/accepts'
50 silly reify ]
51 silly reify mark retired [
51 silly reify   '/Users/anubhabrakshit/Projects/Intern/pollflow/pollflow-realtime/node_modules/base64id'
51 silly reify ]
52 silly reify mark retired [
52 silly reify   '/Users/anubhabrakshit/Projects/Intern/pollflow/pollflow-realtime/node_modules/clsx'
52 silly reify ]
53 silly reify mark retired [
53 silly reify   '/Users/anubhabrakshit/Projects/Intern/pollflow/pollflow-realtime/node_modules/cookie'
53 silly reify ]
54 silly reify mark retired [
54 silly reify   '/Users/anubhabrakshit/Projects/Intern/pollflow/pollflow-realtime/node_modules/cors'
54 silly reify ]
55 silly reify mark retired [
55 silly reify   '/Users/anubhabrakshit/Projects/Intern/pollflow/pollflow-realtime/node_modules/engine.io'
55 silly reify ]
56 silly reify mark retired [
56 silly reify   '/Users/anubhabrakshit/Projects/Intern/pollflow/pollflow-realtime/node_modules/engine.io-client'
56 silly reify ]
57 silly reify mark retired [
57 silly reify   '/Users/anubhabrakshit/Projects/Intern/pollflow/pollflow-realtime/node_modules/engine.io-parser'
57 silly reify ]
58 silly reify mark retired [
58 silly reify   '/Users/anubhabrakshit/Projects/Intern/pollflow/pollflow-realtime/node_modules/goober'
58 silly reify ]
59 silly reify mark retired [
59 silly reify   '/Users/anubhabrakshit/Projects/Intern/pollflow/pollflow-realtime/node_modules/iceberg-js'
59 silly reify ]
60 silly reify mark retired [
60 silly reify   '/Users/anubhabrakshit/Projects/Intern/pollflow/pollflow-realtime/node_modules/mime-db'
60 silly reify ]
61 silly reify mark retired [
61 silly reify   '/Users/anubhabrakshit/Projects/Intern/pollflow/pollflow-realtime/node_modules/mime-types'
61 silly reify ]
62 silly reify mark retired [
62 silly reify   '/Users/anubhabrakshit/Projects/Intern/pollflow/pollflow-realtime/node_modules/motion-utils'
62 silly reify ]
63 silly reify mark retired [
63 silly reify   '/Users/anubhabrakshit/Projects/Intern/pollflow/pollflow-realtime/node_modules/motion-dom'
63 silly reify ]
64 silly reify mark retired [
64 silly reify   '/Users/anubhabrakshit/Projects/Intern/pollflow/pollflow-realtime/node_modules/negotiator'
64 silly reify ]
65 silly reify mark retired [
65 silly reify   '/Users/anubhabrakshit/Projects/Intern/pollflow/pollflow-realtime/node_modules/next/node_modules/nanoid'
65 silly reify ]
66 silly reify mark retired [
66 silly reify   '/Users/anubhabrakshit/Projects/Intern/pollflow/pollflow-realtime/node_modules/postcss/node_modules/nanoid'
66 silly reify ]
67 silly reify mark retired [
67 silly reify   '/Users/anubhabrakshit/Projects/Intern/pollflow/pollflow-realtime/node_modules/socket.io-adapter'
67 silly reify ]
68 silly reify mark retired [
68 silly reify   '/Users/anubhabrakshit/Projects/Intern/pollflow/pollflow-realtime/node_modules/socket.io-client'
68 silly reify ]
69 silly reify mark retired [
69 silly reify   '/Users/anubhabrakshit/Projects/Intern/pollflow/pollflow-realtime/node_modules/socket.io-parser'
69 silly reify ]
70 silly reify mark retired [
70 silly reify   '/Users/anubhabrakshit/Projects/Intern/pollflow/pollflow-realtime/node_modules/vary'
70 silly reify ]
71 silly reify mark retired [
71 silly reify   '/Users/anubhabrakshit/Projects/Intern/pollflow/pollflow-realtime/node_modules/ws'
71 silly reify ]
72 silly reify mark retired [
72 silly reify   '/Users/anubhabrakshit/Projects/Intern/pollflow/pollflow-realtime/node_modules/xmlhttprequest-ssl'
72 silly reify ]
73 silly reify mark retired [
73 silly reify   '/Users/anubhabrakshit/Projects/Intern/pollflow/pollflow-realtime/node_modules/@socket.io/component-emitter'
73 silly reify ]
74 silly reify mark retired [
74 silly reify   '/Users/anubhabrakshit/Projects/Intern/pollflow/pollflow-realtime/node_modules/@types/cors'
74 silly reify ]
75 silly reify mark retired [
75 silly reify   '/Users/anubhabrakshit/Projects/Intern/pollflow/pollflow-realtime/node_modules/@types/ws'
75 silly reify ]
76 silly reify moves {
76 silly reify   '/Users/anubhabrakshit/Projects/Intern/pollflow/pollflow-realtime/node_modules/bcryptjs': '/Users/anubhabrakshit/Projects/Intern/pollflow/pollflow-realtime/node_modules/.bcryptjs-6i7HOL1F',
76 silly reify   '/Users/anubhabrakshit/Projects/Intern/pollflow/pollflow-realtime/node_modules/framer-motion': '/Users/anubhabrakshit/Projects/Intern/pollflow/pollflow-realtime/node_modules/.framer-motion-a7k1ayNQ',
76 silly reify   '/Users/anubhabrakshit/Projects/Intern/pollflow/pollflow-realtime/node_modules/lucide-react': '/Users/anubhabrakshit/Projects/Intern/pollflow/pollflow-realtime/node_modules/.lucide-react-ZGHVQeIP',
76 silly reify   '/Users/anubhabrakshit/Projects/Intern/pollflow/pollflow-realtime/node_modules/nanoid': '/Users/anubhabrakshit/Projects/Intern/pollflow/pollflow-realtime/node_modules/.nanoid-FdUPgrLr',
76 silly reify   '/Users/anubhabrakshit/Projects/Intern/pollflow/pollflow-realtime/node_modules/react-hot-toast': '/Users/anubhabrakshit/Projects/Intern/pollflow/pollflow-realtime/node_modules/.react-hot-toast-0gwfxaRH',
76 silly reify   '/Users/anubhabrakshit/Projects/Intern/pollflow/pollflow-realtime/node_modules/socket.io': '/Users/anubhabrakshit/Projects/Intern/pollflow/pollflow-realtime/node_modules/.socket.io-N3IGnYN2',
76 silly reify   '/Users/anubhabrakshit/Projects/Intern/pollflow/pollflow-realtime/node_modules/tailwind-merge': '/Users/anubhabrakshit/Projects/Intern/pollflow/pollflow-realtime/node_modules/.tailwind-merge-nW0za6rF',
76 silly reify   '/Users/anubhabrakshit/Projects/Intern/pollflow/pollflow-realtime/node_modules/@fingerprintjs/fingerprintjs': '/Users/anubhabrakshit/Projects/Intern/pollflow/pollflow-realtime/node_modules/@fingerprintjs/.fingerprintjs-3fBNwbeA',
76 silly reify   '/Users/anubhabrakshit/Projects/Intern/pollflow/pollflow-realtime/node_modules/@supabase/auth-js': '/Users/anubhabrakshit/Projects/Intern/pollflow/pollflow-realtime/node_modules/@supabase/.auth-js-2mvpHJNR',
76 silly reify   '/Users/anubhabrakshit/Projects/Intern/pollflow/pollflow-realtime/node_modules/@supabase/functions-js': '/Users/anubhabrakshit/Projects/Intern/pollflow/pollflow-realtime/node_modules/@supabase/.functions-js-pk1iSTc0',
76 silly reify   '/Users/anubhabrakshit/Projects/Intern/pollflow/pollflow-realtime/node_modules/@supabase/postgrest-js': '/Users/anubhabrakshit/Projects/Intern/pollflow/pollflow-realtime/node_modules/@supabase/.postgrest-js-CVL28cu3',
76 silly reify   '/Users/anubhabrakshit/Projects/Intern/pollflow/pollflow-realtime/node_modules/@supabase/realtime-js': '/Users/anubhabrakshit/Projects/Intern/pollflow/pollflow-realtime/node_modules/@supabase/.realtime-js-rgCVkUeG',
76 silly reify   '/Users/anubhabrakshit/Projects/Intern/pollflow/pollflow-realtime/node_modules/@supabase/storage-js': '/Users/anubhabrakshit/Projects/Intern/pollflow/pollflow-realtime/node_modules/@supabase/.storage-js-ZB6cDgM2',
76 silly reify   '/Users/anubhabrakshit/Projects/Intern/pollflow/pollflow-realtime/node_modules/@supabase/supabase-js': '/Users/anubhabrakshit/Projects/Intern/pollflow/pollflow-realtime/node_modules/@supabase/.supabase-js-jcK4Yx52',
76 silly reify   '/Users/anubhabrakshit/Projects/Intern/pollflow/pollflow-realtime/node_modules/@types/phoenix': '/Users/anubhabrakshit/Projects/Intern/pollflow/pollflow-realtime/node_modules/@types/.phoenix-HyBNs0CC',
76 silly reify   '/Users/anubhabrakshit/Projects/Intern/pollflow/pollflow-realtime/node_modules/accepts': '/Users/anubhabrakshit/Projects/Intern/pollflow/pollflow-realtime/node_modules/.accepts-uZOi8ti1',
76 silly reify   '/Users/anubhabrakshit/Projects/Intern/pollflow/pollflow-realtime/node_modules/base64id': '/Users/anubhabrakshit/Projects/Intern/pollflow/pollflow-realtime/node_modules/.base64id-MAfH1DQp',
76 silly reify   '/Users/anubhabrakshit/Projects/Intern/pollflow/pollflow-realtime/node_modules/clsx': '/Users/anubhabrakshit/Projects/Intern/pollflow/pollflow-realtime/node_modules/.clsx-WF2QMdv7',
76 silly reify   '/Users/anubhabrakshit/Projects/Intern/pollflow/pollflow-realtime/node_modules/cookie': '/Users/anubhabrakshit/Projects/Intern/pollflow/pollflow-realtime/node_modules/.cookie-vbOLw6jk',
76 silly reify   '/Users/anubhabrakshit/Projects/Intern/pollflow/pollflow-realtime/node_modules/cors': '/Users/anubhabrakshit/Projects/Intern/pollflow/pollflow-realtime/node_modules/.cors-dNm74mYd',
76 silly reify   '/Users/anubhabrakshit/Projects/Intern/pollflow/pollflow-realtime/node_modules/engine.io': '/Users/anubhabrakshit/Projects/Intern/pollflow/pollflow-realtime/node_modules/.engine.io-UC38fQWl',
76 silly reify   '/Users/anubhabrakshit/Projects/Intern/pollflow/pollflow-realtime/node_modules/engine.io-client': '/Users/anubhabrakshit/Projects/Intern/pollflow/pollflow-realtime/node_modules/.engine.io-client-jNYCyUbW',
76 silly reify   '/Users/anubhabrakshit/Projects/Intern/pollflow/pollflow-realtime/node_modules/engine.io-parser': '/Users/anubhabrakshit/Projects/Intern/pollflow/pollflow-realtime/node_modules/.engine.io-parser-wzNan1JP',
76 silly reify   '/Users/anubhabrakshit/Projects/Intern/pollflow/pollflow-realtime/node_modules/goober': '/Users/anubhabrakshit/Projects/Intern/pollflow/pollflow-realtime/node_modules/.goober-TH0WlnE2',
76 silly reify   '/Users/anubhabrakshit/Projects/Intern/pollflow/pollflow-realtime/node_modules/iceberg-js': '/Users/anubhabrakshit/Projects/Intern/pollflow/pollflow-realtime/node_modules/.iceberg-js-FqqesDpd',
76 silly reify   '/Users/anubhabrakshit/Projects/Intern/pollflow/pollflow-realtime/node_modules/mime-db': '/Users/anubhabrakshit/Projects/Intern/pollflow/pollflow-realtime/node_modules/.mime-db-kfL1khxH',
76 silly reify   '/Users/anubhabrakshit/Projects/Intern/pollflow/pollflow-realtime/node_modules/mime-types': '/Users/anubhabrakshit/Projects/Intern/pollflow/pollflow-realtime/node_modules/.mime-types-h7bQyEOa',
76 silly reify   '/Users/anubhabrakshit/Projects/Intern/pollflow/pollflow-realtime/node_modules/motion-utils': '/Users/anubhabrakshit/Projects/Intern/pollflow/pollflow-realtime/node_modules/.motion-utils-bek22JKA',
76 silly reify   '/Users/anubhabrakshit/Projects/Intern/pollflow/pollflow-realtime/node_modules/motion-dom': '/Users/anubhabrakshit/Projects/Intern/pollflow/pollflow-realtime/node_modules/.motion-dom-CCwuxT7F',
76 silly reify   '/Users/anubhabrakshit/Projects/Intern/pollflow/pollflow-realtime/node_modules/negotiator': '/Users/anubhabrakshit/Projects/Intern/pollflow/pollflow-realtime/node_modules/.negotiator-RR18Iu7u',
76 silly reify   '/Users/anubhabrakshit/Projects/Intern/pollflow/pollflow-realtime/node_modules/next/node_modules/nanoid': '/Users/anubhabrakshit/Projects/Intern/pollflow/pollflow-realtime/node_modules/next/node_modules/.nanoid-oWFm6GIE',
76 silly reify   '/Users/anubhabrakshit/Projects/Intern/pollflow/pollflow-realtime/node_modules/postcss/node_modules/nanoid': '/Users/anubhabrakshit/Projects/Intern/pollflow/pollflow-realtime/node_modules/postcss/node_modules/.nanoid-08Ed3EfH',
76 silly reify   '/Users/anubhabrakshit/Projects/Intern/pollflow/pollflow-realtime/node_modules/socket.io-adapter': '/Users/anubhabrakshit/Projects/Intern/pollflow/pollflow-realtime/node_modules/.socket.io-adapter-reawrvft',
76 silly reify   '/Users/anubhabrakshit/Projects/Intern/pollflow/pollflow-realtime/node_modules/socket.io-client': '/Users/anubhabrakshit/Projects/Intern/pollflow/pollflow-realtime/node_modules/.socket.io-client-FZo2RFBJ',
76 silly reify   '/Users/anubhabrakshit/Projects/Intern/pollflow/pollflow-realtime/node_modules/socket.io-parser': '/Users/anubhabrakshit/Projects/Intern/pollflow/pollflow-realtime/node_modules/.socket.io-parser-KbNfUMQn',
76 silly reify   '/Users/anubhabrakshit/Projects/Intern/pollflow/pollflow-realtime/node_modules/vary': '/Users/anubhabrakshit/Projects/Intern/pollflow/pollflow-realtime/node_modules/.vary-0WGLpQ2z',
76 silly reify   '/Users/anubhabrakshit/Projects/Intern/pollflow/pollflow-realtime/node_modules/ws': '/Users/anubhabrakshit/Projects/Intern/pollflow/pollflow-realtime/node_modules/.ws-7JQ2g8Fi',
76 silly reify   '/Users/anubhabrakshit/Projects/Intern/pollflow/pollflow-realtime/node_modules/xmlhttprequest-ssl': '/Users/anubhabrakshit/Projects/Intern/pollflow/pollflow-realtime/node_modules/.xmlhttprequest-ssl-GQyo3A9r',
76 silly reify   '/Users/anubhabrakshit/Projects/Intern/pollflow/pollflow-realtime/node_modules/@socket.io/component-emitter': '/Users/anubhabrakshit/Projects/Intern/pollflow/pollflow-realtime/node_modules/@socket.io/.component-emitter-a0JxBztb',
76 silly reify   '/Users/anubhabrakshit/Projects/Intern/pollflow/pollflow-realtime/node_modules/@types/cors': '/Users/anubhabrakshit/Projects/Intern/pollflow/pollflow-realtime/node_modules/@types/.cors-xhbOX5Sy',
76 silly reify   '/Users/anubhabrakshit/Projects/Intern/pollflow/pollflow-realtime/node_modules/@types/ws': '/Users/anubhabrakshit/Projects/Intern/pollflow/pollflow-realtime/node_modules/@types/.ws-9fGffDEN'
76 silly reify }
77 silly audit bulk request {
77 silly audit   '@alloc/quick-lru': [ '5.2.0' ],
77 silly audit   '@babel/code-frame': [ '7.29.0' ],
77 silly audit   '@babel/compat-data': [ '7.29.0' ],
77 silly audit   '@babel/core': [ '7.29.0' ],
77 silly audit   '@babel/generator': [ '7.29.1' ],
77 silly audit   '@babel/helper-compilation-targets': [ '7.28.6' ],
77 silly audit   '@babel/helper-globals': [ '7.28.0' ],
77 silly audit   '@babel/helper-module-imports': [ '7.28.6' ],
77 silly audit   '@babel/helper-module-transforms': [ '7.28.6' ],
77 silly audit   '@babel/helper-string-parser': [ '7.27.1' ],
77 silly audit   '@babel/helper-validator-identifier': [ '7.28.5' ],
77 silly audit   '@babel/helper-validator-option': [ '7.27.1' ],
77 silly audit   '@babel/helpers': [ '7.28.6' ],
77 silly audit   '@babel/parser': [ '7.29.0' ],
77 silly audit   '@babel/template': [ '7.28.6' ],
77 silly audit   '@babel/traverse': [ '7.29.0' ],
77 silly audit   '@babel/types': [ '7.29.0' ],
77 silly audit   '@emnapi/core': [ '1.8.1' ],
77 silly audit   '@emnapi/runtime': [ '1.8.1' ],
77 silly audit   '@emnapi/wasi-threads': [ '1.1.0' ],
77 silly audit   '@eslint-community/eslint-utils': [ '4.9.1' ],
77 silly audit   'eslint-visitor-keys': [ '3.4.3', '4.2.1' ],
77 silly audit   '@eslint-community/regexpp': [ '4.12.2' ],
77 silly audit   '@eslint/config-array': [ '0.21.1' ],
77 silly audit   '@eslint/config-helpers': [ '0.4.2' ],
77 silly audit   '@eslint/core': [ '0.17.0' ],
77 silly audit   '@eslint/eslintrc': [ '3.3.3' ],
77 silly audit   '@eslint/js': [ '9.39.2' ],
77 silly audit   '@eslint/object-schema': [ '2.1.7' ],
77 silly audit   '@eslint/plugin-kit': [ '0.4.1' ],
77 silly audit   '@humanfs/core': [ '0.19.1' ],
77 silly audit   '@humanfs/node': [ '0.16.7' ],
77 silly audit   '@humanwhocodes/module-importer': [ '1.0.1' ],
77 silly audit   '@humanwhocodes/retry': [ '0.4.3' ],
77 silly audit   '@img/colour': [ '1.0.0' ],
77 silly audit   '@img/sharp-darwin-arm64': [ '0.34.5' ],
77 silly audit   '@img/sharp-darwin-x64': [ '0.34.5' ],
77 silly audit   '@img/sharp-libvips-darwin-arm64': [ '1.2.4' ],
77 silly audit   '@img/sharp-libvips-darwin-x64': [ '1.2.4' ],
77 silly audit   '@img/sharp-libvips-linux-arm': [ '1.2.4' ],
77 silly audit   '@img/sharp-libvips-linux-arm64': [ '1.2.4' ],
77 silly audit   '@img/sharp-libvips-linux-ppc64': [ '1.2.4' ],
77 silly audit   '@img/sharp-libvips-linux-riscv64': [ '1.2.4' ],
77 silly audit   '@img/sharp-libvips-linux-s390x': [ '1.2.4' ],
77 silly audit   '@img/sharp-libvips-linux-x64': [ '1.2.4' ],
77 silly audit   '@img/sharp-libvips-linuxmusl-arm64': [ '1.2.4' ],
77 silly audit   '@img/sharp-libvips-linuxmusl-x64': [ '1.2.4' ],
77 silly audit   '@img/sharp-linux-arm': [ '0.34.5' ],
77 silly audit   '@img/sharp-linux-arm64': [ '0.34.5' ],
77 silly audit   '@img/sharp-linux-ppc64': [ '0.34.5' ],
77 silly audit   '@img/sharp-linux-riscv64': [ '0.34.5' ],
77 silly audit   '@img/sharp-linux-s390x': [ '0.34.5' ],
77 silly audit   '@img/sharp-linux-x64': [ '0.34.5' ],
77 silly audit   '@img/sharp-linuxmusl-arm64': [ '0.34.5' ],
77 silly audit   '@img/sharp-linuxmusl-x64': [ '0.34.5' ],
77 silly audit   '@img/sharp-wasm32': [ '0.34.5' ],
77 silly audit   '@img/sharp-win32-arm64': [ '0.34.5' ],
77 silly audit   '@img/sharp-win32-ia32': [ '0.34.5' ],
77 silly audit   '@img/sharp-win32-x64': [ '0.34.5' ],
77 silly audit   '@jridgewell/gen-mapping': [ '0.3.13' ],
77 silly audit   '@jridgewell/remapping': [ '2.3.5' ],
77 silly audit   '@jridgewell/resolve-uri': [ '3.1.2' ],
77 silly audit   '@jridgewell/sourcemap-codec': [ '1.5.5' ],
77 silly audit   '@jridgewell/trace-mapping': [ '0.3.31' ],
77 silly audit   '@napi-rs/wasm-runtime': [ '0.2.12' ],
77 silly audit   '@next/env': [ '16.1.6' ],
77 silly audit   '@next/eslint-plugin-next': [ '16.1.6' ],
77 silly audit   '@next/swc-darwin-arm64': [ '16.1.6' ],
77 silly audit   '@next/swc-darwin-x64': [ '16.1.6' ],
77 silly audit   '@next/swc-linux-arm64-gnu': [ '16.1.6' ],
77 silly audit   '@next/swc-linux-arm64-musl': [ '16.1.6' ],
77 silly audit   '@next/swc-linux-x64-gnu': [ '16.1.6' ],
77 silly audit   '@next/swc-linux-x64-musl': [ '16.1.6' ],
77 silly audit   '@next/swc-win32-arm64-msvc': [ '16.1.6' ],
77 silly audit   '@next/swc-win32-x64-msvc': [ '16.1.6' ],
77 silly audit   '@nodelib/fs.scandir': [ '2.1.5' ],
77 silly audit   '@nodelib/fs.stat': [ '2.0.5' ],
77 silly audit   '@nodelib/fs.walk': [ '1.2.8' ],
77 silly audit   '@nolyfill/is-core-module': [ '1.0.39' ],
77 silly audit   '@rtsao/scc': [ '1.1.0' ],
77 silly audit   '@swc/helpers': [ '0.5.15' ],
77 silly audit   '@tailwindcss/node': [ '4.1.18' ],
77 silly audit   '@tailwindcss/oxide': [ '4.1.18' ],
77 silly audit   '@tailwindcss/oxide-android-arm64': [ '4.1.18' ],
77 silly audit   '@tailwindcss/oxide-darwin-arm64': [ '4.1.18' ],
77 silly audit   '@tailwindcss/oxide-darwin-x64': [ '4.1.18' ],
77 silly audit   '@tailwindcss/oxide-freebsd-x64': [ '4.1.18' ],
77 silly audit   '@tailwindcss/oxide-linux-arm-gnueabihf': [ '4.1.18' ],
77 silly audit   '@tailwindcss/oxide-linux-arm64-gnu': [ '4.1.18' ],
77 silly audit   '@tailwindcss/oxide-linux-arm64-musl': [ '4.1.18' ],
77 silly audit   '@tailwindcss/oxide-linux-x64-gnu': [ '4.1.18' ],
77 silly audit   '@tailwindcss/oxide-linux-x64-musl': [ '4.1.18' ],
77 silly audit   '@tailwindcss/oxide-wasm32-wasi': [ '4.1.18' ],
77 silly audit   '@tailwindcss/oxide-win32-arm64-msvc': [ '4.1.18' ],
77 silly audit   '@tailwindcss/oxide-win32-x64-msvc': [ '4.1.18' ],
77 silly audit   '@tailwindcss/postcss': [ '4.1.18' ],
77 silly audit   '@tybys/wasm-util': [ '0.10.1' ],
77 silly audit   '@types/estree': [ '1.0.8' ],
77 silly audit   '@types/json-schema': [ '7.0.15' ],
77 silly audit   '@types/json5': [ '0.0.29' ],
77 silly audit   '@typescript-eslint/eslint-plugin': [ '8.55.0' ],
77 silly audit   ignore: [ '7.0.5', '5.3.2' ],
77 silly audit   '@typescript-eslint/parser': [ '8.55.0' ],
77 silly audit   '@typescript-eslint/project-service': [ '8.55.0' ],
77 silly audit   '@typescript-eslint/scope-manager': [ '8.55.0' ],
77 silly audit   '@typescript-eslint/tsconfig-utils': [ '8.55.0' ],
77 silly audit   '@typescript-eslint/type-utils': [ '8.55.0' ],
77 silly audit   '@typescript-eslint/types': [ '8.55.0' ],
77 silly audit   '@typescript-eslint/typescript-estree': [ '8.55.0' ],
77 silly audit   'brace-expansion': [ '2.0.2', '1.1.12' ],
77 silly audit   minimatch: [ '9.0.5', '3.1.2' ],
77 silly audit   semver: [ '7.7.4', '6.3.1' ],
77 silly audit   '@typescript-eslint/utils': [ '8.55.0' ],
77 silly audit   '@typescript-eslint/visitor-keys': [ '8.55.0' ],
77 silly audit   '@unrs/resolver-binding-android-arm-eabi': [ '1.11.1' ],
77 silly audit   '@unrs/resolver-binding-android-arm64': [ '1.11.1' ],
77 silly audit   '@unrs/resolver-binding-darwin-arm64': [ '1.11.1' ],
77 silly audit   '@unrs/resolver-binding-darwin-x64': [ '1.11.1' ],
77 silly audit   '@unrs/resolver-binding-freebsd-x64': [ '1.11.1' ],
77 silly audit   '@unrs/resolver-binding-linux-arm-gnueabihf': [ '1.11.1' ],
77 silly audit   '@unrs/resolver-binding-linux-arm-musleabihf': [ '1.11.1' ],
77 silly audit   '@unrs/resolver-binding-linux-arm64-gnu': [ '1.11.1' ],
77 silly audit   '@unrs/resolver-binding-linux-arm64-musl': [ '1.11.1' ],
77 silly audit   '@unrs/resolver-binding-linux-ppc64-gnu': [ '1.11.1' ],
77 silly audit   '@unrs/resolver-binding-linux-riscv64-gnu': [ '1.11.1' ],
77 silly audit   '@unrs/resolver-binding-linux-riscv64-musl': [ '1.11.1' ],
77 silly audit   '@unrs/resolver-binding-linux-s390x-gnu': [ '1.11.1' ],
77 silly audit   '@unrs/resolver-binding-linux-x64-gnu': [ '1.11.1' ],
77 silly audit   '@unrs/resolver-binding-linux-x64-musl': [ '1.11.1' ],
77 silly audit   '@unrs/resolver-binding-wasm32-wasi': [ '1.11.1' ],
77 silly audit   '@unrs/resolver-binding-win32-arm64-msvc': [ '1.11.1' ],
77 silly audit   '@unrs/resolver-binding-win32-ia32-msvc': [ '1.11.1' ],
77 silly audit   '@unrs/resolver-binding-win32-x64-msvc': [ '1.11.1' ],
77 silly audit   acorn: [ '8.15.0' ],
77 silly audit   'acorn-jsx': [ '5.3.2' ],
77 silly audit   ajv: [ '6.12.6' ],
77 silly audit   'ansi-styles': [ '4.3.0' ],
77 silly audit   argparse: [ '2.0.1' ],
77 silly audit   'aria-query': [ '5.3.2' ],
77 silly audit   'array-buffer-byte-length': [ '1.0.2' ],
77 silly audit   'array-includes': [ '3.1.9' ],
77 silly audit   'array.prototype.findlast': [ '1.2.5' ],
77 silly audit   'array.prototype.findlastindex': [ '1.2.6' ],
77 silly audit   'array.prototype.flat': [ '1.3.3' ],
77 silly audit   'array.prototype.flatmap': [ '1.3.3' ],
77 silly audit   'array.prototype.tosorted': [ '1.1.4' ],
77 silly audit   'arraybuffer.prototype.slice': [ '1.0.4' ],
77 silly audit   'ast-types-flow': [ '0.0.8' ],
77 silly audit   'async-function': [ '1.0.0' ],
77 silly audit   'available-typed-arrays': [ '1.0.7' ],
77 silly audit   'axe-core': [ '4.11.1' ],
77 silly audit   'axobject-query': [ '4.1.0' ],
77 silly audit   'babel-plugin-react-compiler': [ '1.0.0' ],
77 silly audit   'balanced-match': [ '1.0.2' ],
77 silly audit   'baseline-browser-mapping': [ '2.9.19' ],
77 silly audit   braces: [ '3.0.3' ],
77 silly audit   browserslist: [ '4.28.1' ],
77 silly audit   'call-bind': [ '1.0.8' ],
77 silly audit   'call-bind-apply-helpers': [ '1.0.2' ],
77 silly audit   'call-bound': [ '1.0.4' ],
77 silly audit   callsites: [ '3.1.0' ],
77 silly audit   'caniuse-lite': [ '1.0.30001769' ],
77 silly audit   chalk: [ '4.1.2' ],
77 silly audit   'client-only': [ '0.0.1' ],
77 silly audit   'color-convert': [ '2.0.1' ],
77 silly audit   'color-name': [ '1.1.4' ],
77 silly audit   'concat-map': [ '0.0.1' ],
77 silly audit   'convert-source-map': [ '2.0.0' ],
77 silly audit   'cross-spawn': [ '7.0.6' ],
77 silly audit   csstype: [ '3.2.3' ],
77 silly audit   'damerau-levenshtein': [ '1.0.8' ],
77 silly audit   'data-view-buffer': [ '1.0.2' ],
77 silly audit   'data-view-byte-length': [ '1.0.2' ],
77 silly audit   'data-view-byte-offset': [ '1.0.1' ],
77 silly audit   debug: [ '4.4.3', '3.2.7' ],
77 silly audit   'deep-is': [ '0.1.4' ],
77 silly audit   'define-data-property': [ '1.1.4' ],
77 silly audit   'define-properties': [ '1.2.1' ],
77 silly audit   'detect-libc': [ '2.1.2' ],
77 silly audit   doctrine: [ '2.1.0' ],
77 silly audit   'dunder-proto': [ '1.0.1' ],
77 silly audit   'electron-to-chromium': [ '1.5.286' ],
77 silly audit   'emoji-regex': [ '9.2.2' ],
77 silly audit   'enhanced-resolve': [ '5.19.0' ],
77 silly audit   'es-abstract': [ '1.24.1' ],
77 silly audit   'es-define-property': [ '1.0.1' ],
77 silly audit   'es-errors': [ '1.3.0' ],
77 silly audit   'es-iterator-helpers': [ '1.2.2' ],
77 silly audit   'es-object-atoms': [ '1.1.1' ],
77 silly audit   'es-set-tostringtag': [ '2.1.0' ],
77 silly audit   'es-shim-unscopables': [ '1.1.0' ],
77 silly audit   'es-to-primitive': [ '1.3.0' ],
77 silly audit   escalade: [ '3.2.0' ],
77 silly audit   'escape-string-regexp': [ '4.0.0' ],
77 silly audit   eslint: [ '9.39.2' ],
77 silly audit   'eslint-config-next': [ '16.1.6' ],
77 silly audit   globals: [ '16.4.0', '14.0.0' ],
77 silly audit   'eslint-import-resolver-node': [ '0.3.9' ],
77 silly audit   'eslint-import-resolver-typescript': [ '3.10.1' ],
77 silly audit   'eslint-module-utils': [ '2.12.1' ],
77 silly audit   'eslint-plugin-import': [ '2.32.0' ],
77 silly audit   'eslint-plugin-jsx-a11y': [ '6.10.2' ],
77 silly audit   'eslint-plugin-react': [ '7.37.5' ],
77 silly audit   'eslint-plugin-react-hooks': [ '7.0.1' ],
77 silly audit   resolve: [ '2.0.0-next.5', '1.22.11' ],
77 silly audit   'eslint-scope': [ '8.4.0' ],
77 silly audit   espree: [ '10.4.0' ],
77 silly audit   esquery: [ '1.7.0' ],
77 silly audit   esrecurse: [ '4.3.0' ],
77 silly audit   estraverse: [ '5.3.0' ],
77 silly audit   esutils: [ '2.0.3' ],
77 silly audit   'fast-deep-equal': [ '3.1.3' ],
77 silly audit   'fast-glob': [ '3.3.1' ],
77 silly audit   'glob-parent': [ '5.1.2', '6.0.2' ],
77 silly audit   'fast-json-stable-stringify': [ '2.1.0' ],
77 silly audit   'fast-levenshtein': [ '2.0.6' ],
77 silly audit   fastq: [ '1.20.1' ],
77 silly audit   'file-entry-cache': [ '8.0.0' ],
77 silly audit   'fill-range': [ '7.1.1' ],
77 silly audit   'find-up': [ '5.0.0' ],
77 silly audit   'flat-cache': [ '4.0.1' ],
77 silly audit   flatted: [ '3.3.3' ],
77 silly audit   'for-each': [ '0.3.5' ],
77 silly audit   'function-bind': [ '1.1.2' ],
77 silly audit   'function.prototype.name': [ '1.1.8' ],
77 silly audit   'functions-have-names': [ '1.2.3' ],
77 silly audit   'generator-function': [ '2.0.1' ],
77 silly audit   gensync: [ '1.0.0-beta.2' ],
77 silly audit   'get-intrinsic': [ '1.3.0' ],
77 silly audit   'get-proto': [ '1.0.1' ],
77 silly audit   'get-symbol-description': [ '1.1.0' ],
77 silly audit   'get-tsconfig': [ '4.13.6' ],
77 silly audit   globalthis: [ '1.0.4' ],
77 silly audit   gopd: [ '1.2.0' ],
77 silly audit   'graceful-fs': [ '4.2.11' ],
77 silly audit   'has-bigints': [ '1.1.0' ],
77 silly audit   'has-flag': [ '4.0.0' ],
77 silly audit   'has-property-descriptors': [ '1.0.2' ],
77 silly audit   'has-proto': [ '1.2.0' ],
77 silly audit   'has-symbols': [ '1.1.0' ],
77 silly audit   'has-tostringtag': [ '1.0.2' ],
77 silly audit   hasown: [ '2.0.2' ],
77 silly audit   'hermes-estree': [ '0.25.1' ],
77 silly audit   'hermes-parser': [ '0.25.1' ],
77 silly audit   'import-fresh': [ '3.3.1' ],
77 silly audit   imurmurhash: [ '0.1.4' ],
77 silly audit   'internal-slot': [ '1.1.0' ],
77 silly audit   'is-array-buffer': [ '3.0.5' ],
77 silly audit   'is-async-function': [ '2.1.1' ],
77 silly audit   'is-bigint': [ '1.1.0' ],
77 silly audit   'is-boolean-object': [ '1.2.2' ],
77 silly audit   'is-bun-module': [ '2.0.0' ],
77 silly audit   'is-callable': [ '1.2.7' ],
77 silly audit   'is-core-module': [ '2.16.1' ],
77 silly audit   'is-data-view': [ '1.0.2' ],
77 silly audit   'is-date-object': [ '1.1.0' ],
77 silly audit   'is-extglob': [ '2.1.1' ],
77 silly audit   'is-finalizationregistry': [ '1.1.1' ],
77 silly audit   'is-generator-function': [ '1.1.2' ],
77 silly audit   'is-glob': [ '4.0.3' ],
77 silly audit   'is-map': [ '2.0.3' ],
77 silly audit   'is-negative-zero': [ '2.0.3' ],
77 silly audit   'is-number': [ '7.0.0' ],
77 silly audit   'is-number-object': [ '1.1.1' ],
77 silly audit   'is-regex': [ '1.2.1' ],
77 silly audit   'is-set': [ '2.0.3' ],
77 silly audit   'is-shared-array-buffer': [ '1.0.4' ],
77 silly audit   'is-string': [ '1.1.1' ],
77 silly audit   'is-symbol': [ '1.1.1' ],
77 silly audit   'is-typed-array': [ '1.1.15' ],
77 silly audit   'is-weakmap': [ '2.0.2' ],
77 silly audit   'is-weakref': [ '1.1.1' ],
77 silly audit   'is-weakset': [ '2.0.4' ],
77 silly audit   isarray: [ '2.0.5' ],
77 silly audit   isexe: [ '2.0.0' ],
77 silly audit   'iterator.prototype': [ '1.1.5' ],
77 silly audit   jiti: [ '2.6.1' ],
77 silly audit   'js-tokens': [ '4.0.0' ],
77 silly audit   'js-yaml': [ '4.1.1' ],
77 silly audit   jsesc: [ '3.1.0' ],
77 silly audit   'json-buffer': [ '3.0.1' ],
77 silly audit   'json-schema-traverse': [ '0.4.1' ],
77 silly audit   'json-stable-stringify-without-jsonify': [ '1.0.1' ],
77 silly audit   json5: [ '2.2.3', '1.0.2' ],
77 silly audit   'jsx-ast-utils': [ '3.3.5' ],
77 silly audit   keyv: [ '4.5.4' ],
77 silly audit   'language-subtag-registry': [ '0.3.23' ],
77 silly audit   'language-tags': [ '1.0.9' ],
77 silly audit   levn: [ '0.4.1' ],
77 silly audit   lightningcss: [ '1.30.2' ],
77 silly audit   'lightningcss-android-arm64': [ '1.30.2' ],
77 silly audit   'lightningcss-darwin-arm64': [ '1.30.2' ],
77 silly audit   'lightningcss-darwin-x64': [ '1.30.2' ],
77 silly audit   'lightningcss-freebsd-x64': [ '1.30.2' ],
77 silly audit   'lightningcss-linux-arm-gnueabihf': [ '1.30.2' ],
77 silly audit   'lightningcss-linux-arm64-gnu': [ '1.30.2' ],
77 silly audit   'lightningcss-linux-arm64-musl': [ '1.30.2' ],
77 silly audit   'lightningcss-linux-x64-gnu': [ '1.30.2' ],
77 silly audit   'lightningcss-linux-x64-musl': [ '1.30.2' ],
77 silly audit   'lightningcss-win32-arm64-msvc': [ '1.30.2' ],
77 silly audit   'lightningcss-win32-x64-msvc': [ '1.30.2' ],
77 silly audit   'locate-path': [ '6.0.0' ],
77 silly audit   'lodash.merge': [ '4.6.2' ],
77 silly audit   'loose-envify': [ '1.4.0' ],
77 silly audit   'lru-cache': [ '5.1.1' ],
77 silly audit   'magic-string': [ '0.30.21' ],
77 silly audit   'math-intrinsics': [ '1.1.0' ],
77 silly audit   merge2: [ '1.4.1' ],
77 silly audit   micromatch: [ '4.0.8' ],
77 silly audit   minimist: [ '1.2.8' ],
77 silly audit   ms: [ '2.1.3' ],
77 silly audit   nanoid: [ '3.3.11' ],
77 silly audit   'napi-postinstall': [ '0.3.4' ],
77 silly audit   'natural-compare': [ '1.4.0' ],
77 silly audit   next: [ '16.1.6' ],
77 silly audit   postcss: [ '8.4.31', '8.5.6' ],
77 silly audit   'node-releases': [ '2.0.27' ],
77 silly audit   'object-assign': [ '4.1.1' ],
77 silly audit   'object-inspect': [ '1.13.4' ],
77 silly audit   'object-keys': [ '1.1.1' ],
77 silly audit   'object.assign': [ '4.1.7' ],
77 silly audit   'object.entries': [ '1.1.9' ],
77 silly audit   'object.fromentries': [ '2.0.8' ],
77 silly audit   'object.groupby': [ '1.0.3' ],
77 silly audit   'object.values': [ '1.2.1' ],
77 silly audit   optionator: [ '0.9.4' ],
77 silly audit   'own-keys': [ '1.0.1' ],
77 silly audit   'p-limit': [ '3.1.0' ],
77 silly audit   'p-locate': [ '5.0.0' ],
77 silly audit   'parent-module': [ '1.0.1' ],
77 silly audit   'path-exists': [ '4.0.0' ],
77 silly audit   'path-key': [ '3.1.1' ],
77 silly audit   'path-parse': [ '1.0.7' ],
77 silly audit   picocolors: [ '1.1.1' ],
77 silly audit   picomatch: [ '2.3.1', '4.0.3' ],
77 silly audit   'possible-typed-array-names': [ '1.1.0' ],
77 silly audit   'prelude-ls': [ '1.2.1' ],
77 silly audit   'prop-types': [ '15.8.1' ],
77 silly audit   punycode: [ '2.3.1' ],
77 silly audit   'queue-microtask': [ '1.2.3' ],
77 silly audit   react: [ '19.2.3' ],
77 silly audit   'react-dom': [ '19.2.3' ],
77 silly audit   'react-is': [ '16.13.1' ],
77 silly audit   'reflect.getprototypeof': [ '1.0.10' ],
77 silly audit   'regexp.prototype.flags': [ '1.5.4' ],
77 silly audit   'resolve-from': [ '4.0.0' ],
77 silly audit   'resolve-pkg-maps': [ '1.0.0' ],
77 silly audit   reusify: [ '1.1.0' ],
77 silly audit   'run-parallel': [ '1.2.0' ],
77 silly audit   'safe-array-concat': [ '1.1.3' ],
77 silly audit   'safe-push-apply': [ '1.0.0' ],
77 silly audit   'safe-regex-test': [ '1.1.0' ],
77 silly audit   scheduler: [ '0.27.0' ],
77 silly audit   'set-function-length': [ '1.2.2' ],
77 silly audit   'set-function-name': [ '2.0.2' ],
77 silly audit   'set-proto': [ '1.0.0' ],
77 silly audit   sharp: [ '0.34.5' ],
77 silly audit   'shebang-command': [ '2.0.0' ],
77 silly audit   'shebang-regex': [ '3.0.0' ],
77 silly audit   'side-channel': [ '1.1.0' ],
77 silly audit   'side-channel-list': [ '1.0.0' ],
77 silly audit   'side-channel-map': [ '1.0.1' ],
77 silly audit   'side-channel-weakmap': [ '1.0.2' ],
77 silly audit   'source-map-js': [ '1.2.1' ],
77 silly audit   'stable-hash': [ '0.0.5' ],
77 silly audit   'stop-iteration-iterator': [ '1.1.0' ],
77 silly audit   'string.prototype.includes': [ '2.0.1' ],
77 silly audit   'string.prototype.matchall': [ '4.0.12' ],
77 silly audit   'string.prototype.repeat': [ '1.0.0' ],
77 silly audit   'string.prototype.trim': [ '1.2.10' ],
77 silly audit   'string.prototype.trimend': [ '1.0.9' ],
77 silly audit   'string.prototype.trimstart': [ '1.0.8' ],
77 silly audit   'strip-bom': [ '3.0.0' ],
77 silly audit   'strip-json-comments': [ '3.1.1' ],
77 silly audit   'styled-jsx': [ '5.1.6' ],
77 silly audit   'supports-color': [ '7.2.0' ],
77 silly audit   'supports-preserve-symlinks-flag': [ '1.0.0' ],
77 silly audit   tailwindcss: [ '4.1.18' ],
77 silly audit   tapable: [ '2.3.0' ],
77 silly audit   tinyglobby: [ '0.2.15' ],
77 silly audit   fdir: [ '6.5.0' ],
77 silly audit   'to-regex-range': [ '5.0.1' ],
77 silly audit   'ts-api-utils': [ '2.4.0' ],
77 silly audit   'tsconfig-paths': [ '3.15.0' ],
77 silly audit   tslib: [ '2.8.1' ],
77 silly audit   'type-check': [ '0.4.0' ],
77 silly audit   'typed-array-buffer': [ '1.0.3' ],
77 silly audit   'typed-array-byte-length': [ '1.0.3' ],
77 silly audit   'typed-array-byte-offset': [ '1.0.4' ],
77 silly audit   'typed-array-length': [ '1.0.7' ],
77 silly audit   typescript: [ '5.9.3' ],
77 silly audit   'typescript-eslint': [ '8.55.0' ],
77 silly audit   'unbox-primitive': [ '1.1.0' ],
77 silly audit   'undici-types': [ '6.21.0' ],
77 silly audit   'unrs-resolver': [ '1.11.1' ],
77 silly audit   'update-browserslist-db': [ '1.2.3' ],
77 silly audit   'uri-js': [ '4.4.1' ],
77 silly audit   which: [ '2.0.2' ],
77 silly audit   'which-boxed-primitive': [ '1.1.1' ],
77 silly audit   'which-builtin-type': [ '1.2.1' ],
77 silly audit   'which-collection': [ '1.0.2' ],
77 silly audit   'which-typed-array': [ '1.1.20' ],
77 silly audit   'word-wrap': [ '1.2.5' ],
77 silly audit   yallist: [ '3.1.1' ],
77 silly audit   'yocto-queue': [ '0.1.0' ],
77 silly audit   zod: [ '4.3.6' ],
77 silly audit   'zod-validation-error': [ '4.0.2' ],
77 silly audit   '@types/bcryptjs': [ '2.4.6' ],
77 silly audit   '@types/node': [ '20.19.33' ],
77 silly audit   '@types/react': [ '19.2.14' ],
77 silly audit   '@types/react-dom': [ '19.2.3' ]
77 silly audit }
78 http cache nanoid@https://registry.npmjs.org/nanoid/-/nanoid-3.3.11.tgz 0ms (cache hit)
79 http cache @types/bcryptjs@https://registry.npmjs.org/@types/bcryptjs/-/bcryptjs-2.4.6.tgz 0ms (cache hit)
80 silly tarball no local data for @types/bcryptjs@https://registry.npmjs.org/@types/bcryptjs/-/bcryptjs-2.4.6.tgz. Extracting by manifest.
81 http fetch POST 200 https://registry.npmjs.org/-/npm/v1/security/advisories/bulk 348ms
82 silly audit report {}
83 http fetch GET 200 https://registry.npmjs.org/@types/bcryptjs/-/bcryptjs-2.4.6.tgz 358ms (cache miss)
84 silly ADD node_modules/@types/bcryptjs
85 silly REMOVE node_modules/@types/ws
86 silly REMOVE node_modules/@types/cors
87 silly REMOVE node_modules/@socket.io/component-emitter
88 silly REMOVE node_modules/xmlhttprequest-ssl
89 silly REMOVE node_modules/ws
90 silly REMOVE node_modules/vary
91 silly REMOVE node_modules/socket.io-parser
92 silly REMOVE node_modules/socket.io-client
93 silly REMOVE node_modules/socket.io-adapter
94 silly REMOVE node_modules/socket.io-adapter/node_modules/ws
95 silly REMOVE node_modules/postcss/node_modules/nanoid
96 silly REMOVE node_modules/next/node_modules/nanoid
97 silly REMOVE node_modules/negotiator
98 silly REMOVE node_modules/motion-dom
99 silly REMOVE node_modules/motion-utils
100 silly REMOVE node_modules/mime-types
101 silly REMOVE node_modules/mime-db
102 silly REMOVE node_modules/iceberg-js
103 silly REMOVE node_modules/goober
104 silly REMOVE node_modules/engine.io-parser
105 silly REMOVE node_modules/engine.io-client
106 silly REMOVE node_modules/engine.io-client/node_modules/ws
107 silly REMOVE node_modules/engine.io
108 silly REMOVE node_modules/engine.io/node_modules/ws
109 silly REMOVE node_modules/cors
110 silly REMOVE node_modules/cookie
111 silly REMOVE node_modules/clsx
112 silly REMOVE node_modules/base64id
113 silly REMOVE node_modules/accepts
114 silly REMOVE node_modules/@types/phoenix
115 silly REMOVE node_modules/@supabase/supabase-js
116 silly REMOVE node_modules/@supabase/storage-js
117 silly REMOVE node_modules/@supabase/realtime-js
118 silly REMOVE node_modules/@supabase/postgrest-js
119 silly REMOVE node_modules/@supabase/functions-js
120 silly REMOVE node_modules/@supabase/auth-js
121 silly REMOVE node_modules/@fingerprintjs/fingerprintjs
122 silly REMOVE node_modules/tailwind-merge
123 silly REMOVE node_modules/socket.io
124 silly REMOVE node_modules/react-hot-toast
125 silly CHANGE node_modules/nanoid
126 silly REMOVE node_modules/lucide-react
127 silly REMOVE node_modules/framer-motion
128 silly REMOVE node_modules/bcryptjs
129 verbose cwd /Users/anubhabrakshit/Projects/Intern/pollflow/pollflow-realtime
130 verbose os Darwin 25.2.0
131 verbose node v22.15.1
132 verbose npm  v11.8.0
133 verbose exit 0
134 info ok
