0 verbose cli /Users/anubhabrakshit/.nvm/versions/node/v22.15.1/bin/node /Users/anubhabrakshit/.nvm/versions/node/v22.15.1/bin/npm
1 info using npm@11.8.0
2 info using node@v22.15.1
3 silly config load:file:/Users/anubhabrakshit/.nvm/versions/node/v22.15.1/lib/node_modules/npm/npmrc
4 silly config load:file:/Users/anubhabrakshit/Projects/Intern/pollflow/pollflow-realtime/.npmrc
5 silly config load:file:/Users/anubhabrakshit/.npmrc
6 silly config load:file:/Users/anubhabrakshit/.nvm/versions/node/v22.15.1/etc/npmrc
7 verbose title npm install
8 verbose argv "install"
9 verbose logfile logs-max:10 dir:/Users/anubhabrakshit/Projects/Intern/pollflow/pollflow-realtime/.npm-cache/_logs/2026-02-14T13_56_07_563Z-
10 verbose logfile /Users/anubhabrakshit/Projects/Intern/pollflow/pollflow-realtime/.npm-cache/_logs/2026-02-14T13_56_07_563Z-debug-0.log
11 silly logfile done cleaning log files
12 silly packumentCache heap:4345298944 maxSize:1086324736 maxEntrySize:543162368
13 silly idealTree buildDeps
14 verbose shrinkwrap failed to load node_modules/.package-lock.json missing from lockfile: node_modules/@types/bcryptjs
15 silly reify mark retired [
15 silly reify   '/Users/anubhabrakshit/Projects/Intern/pollflow/pollflow-realtime/node_modules/nanoid',
15 silly reify   '/Users/anubhabrakshit/Projects/Intern/pollflow/pollflow-realtime/node_modules/.bin/nanoid'
15 silly reify ]
16 silly reify mark retired [
16 silly reify   '/Users/anubhabrakshit/Projects/Intern/pollflow/pollflow-realtime/node_modules/@types/bcryptjs'
16 silly reify ]
17 silly reify moves {
17 silly reify   '/Users/anubhabrakshit/Projects/Intern/pollflow/pollflow-realtime/node_modules/nanoid': '/Users/anubhabrakshit/Projects/Intern/pollflow/pollflow-realtime/node_modules/.nanoid-FdUPgrLr',
17 silly reify   '/Users/anubhabrakshit/Projects/Intern/pollflow/pollflow-realtime/node_modules/.bin/nanoid': '/Users/anubhabrakshit/Projects/Intern/pollflow/pollflow-realtime/node_modules/.bin/.nanoid-QBNcLNcq',
17 silly reify   '/Users/anubhabrakshit/Projects/Intern/pollflow/pollflow-realtime/node_modules/@types/bcryptjs': '/Users/anubhabrakshit/Projects/Intern/pollflow/pollflow-realtime/node_modules/@types/.bcryptjs-qSGCzdDB'
17 silly reify }
18 silly audit bulk request {
18 silly audit   '@alloc/quick-lru': [ '5.2.0' ],
18 silly audit   '@babel/code-frame': [ '7.29.0' ],
18 silly audit   '@babel/compat-data': [ '7.29.0' ],
18 silly audit   '@babel/core': [ '7.29.0' ],
18 silly audit   '@babel/generator': [ '7.29.1' ],
18 silly audit   '@babel/helper-compilation-targets': [ '7.28.6' ],
18 silly audit   '@babel/helper-globals': [ '7.28.0' ],
18 silly audit   '@babel/helper-module-imports': [ '7.28.6' ],
18 silly audit   '@babel/helper-module-transforms': [ '7.28.6' ],
18 silly audit   '@babel/helper-string-parser': [ '7.27.1' ],
18 silly audit   '@babel/helper-validator-identifier': [ '7.28.5' ],
18 silly audit   '@babel/helper-validator-option': [ '7.27.1' ],
18 silly audit   '@babel/helpers': [ '7.28.6' ],
18 silly audit   '@babel/parser': [ '7.29.0' ],
18 silly audit   '@babel/template': [ '7.28.6' ],
18 silly audit   '@babel/traverse': [ '7.29.0' ],
18 silly audit   '@babel/types': [ '7.29.0' ],
18 silly audit   '@emnapi/core': [ '1.8.1' ],
18 silly audit   '@emnapi/runtime': [ '1.8.1' ],
18 silly audit   '@emnapi/wasi-threads': [ '1.1.0' ],
18 silly audit   '@eslint-community/eslint-utils': [ '4.9.1' ],
18 silly audit   'eslint-visitor-keys': [ '3.4.3', '4.2.1' ],
18 silly audit   '@eslint-community/regexpp': [ '4.12.2' ],
18 silly audit   '@eslint/config-array': [ '0.21.1' ],
18 silly audit   '@eslint/config-helpers': [ '0.4.2' ],
18 silly audit   '@eslint/core': [ '0.17.0' ],
18 silly audit   '@eslint/eslintrc': [ '3.3.3' ],
18 silly audit   '@eslint/js': [ '9.39.2' ],
18 silly audit   '@eslint/object-schema': [ '2.1.7' ],
18 silly audit   '@eslint/plugin-kit': [ '0.4.1' ],
18 silly audit   '@fingerprintjs/fingerprintjs': [ '5.0.1' ],
18 silly audit   '@humanfs/core': [ '0.19.1' ],
18 silly audit   '@humanfs/node': [ '0.16.7' ],
18 silly audit   '@humanwhocodes/module-importer': [ '1.0.1' ],
18 silly audit   '@humanwhocodes/retry': [ '0.4.3' ],
18 silly audit   '@img/colour': [ '1.0.0' ],
18 silly audit   '@img/sharp-darwin-arm64': [ '0.34.5' ],
18 silly audit   '@img/sharp-darwin-x64': [ '0.34.5' ],
18 silly audit   '@img/sharp-libvips-darwin-arm64': [ '1.2.4' ],
18 silly audit   '@img/sharp-libvips-darwin-x64': [ '1.2.4' ],
18 silly audit   '@img/sharp-libvips-linux-arm': [ '1.2.4' ],
18 silly audit   '@img/sharp-libvips-linux-arm64': [ '1.2.4' ],
18 silly audit   '@img/sharp-libvips-linux-ppc64': [ '1.2.4' ],
18 silly audit   '@img/sharp-libvips-linux-riscv64': [ '1.2.4' ],
18 silly audit   '@img/sharp-libvips-linux-s390x': [ '1.2.4' ],
18 silly audit   '@img/sharp-libvips-linux-x64': [ '1.2.4' ],
18 silly audit   '@img/sharp-libvips-linuxmusl-arm64': [ '1.2.4' ],
18 silly audit   '@img/sharp-libvips-linuxmusl-x64': [ '1.2.4' ],
18 silly audit   '@img/sharp-linux-arm': [ '0.34.5' ],
18 silly audit   '@img/sharp-linux-arm64': [ '0.34.5' ],
18 silly audit   '@img/sharp-linux-ppc64': [ '0.34.5' ],
18 silly audit   '@img/sharp-linux-riscv64': [ '0.34.5' ],
18 silly audit   '@img/sharp-linux-s390x': [ '0.34.5' ],
18 silly audit   '@img/sharp-linux-x64': [ '0.34.5' ],
18 silly audit   '@img/sharp-linuxmusl-arm64': [ '0.34.5' ],
18 silly audit   '@img/sharp-linuxmusl-x64': [ '0.34.5' ],
18 silly audit   '@img/sharp-wasm32': [ '0.34.5' ],
18 silly audit   '@img/sharp-win32-arm64': [ '0.34.5' ],
18 silly audit   '@img/sharp-win32-ia32': [ '0.34.5' ],
18 silly audit   '@img/sharp-win32-x64': [ '0.34.5' ],
18 silly audit   '@jridgewell/gen-mapping': [ '0.3.13' ],
18 silly audit   '@jridgewell/remapping': [ '2.3.5' ],
18 silly audit   '@jridgewell/resolve-uri': [ '3.1.2' ],
18 silly audit   '@jridgewell/sourcemap-codec': [ '1.5.5' ],
18 silly audit   '@jridgewell/trace-mapping': [ '0.3.31' ],
18 silly audit   '@napi-rs/wasm-runtime': [ '0.2.12' ],
18 silly audit   '@next/env': [ '16.1.6' ],
18 silly audit   '@next/eslint-plugin-next': [ '16.1.6' ],
18 silly audit   '@next/swc-darwin-arm64': [ '16.1.6' ],
18 silly audit   '@next/swc-darwin-x64': [ '16.1.6' ],
18 silly audit   '@next/swc-linux-arm64-gnu': [ '16.1.6' ],
18 silly audit   '@next/swc-linux-arm64-musl': [ '16.1.6' ],
18 silly audit   '@next/swc-linux-x64-gnu': [ '16.1.6' ],
18 silly audit   '@next/swc-linux-x64-musl': [ '16.1.6' ],
18 silly audit   '@next/swc-win32-arm64-msvc': [ '16.1.6' ],
18 silly audit   '@next/swc-win32-x64-msvc': [ '16.1.6' ],
18 silly audit   '@nodelib/fs.scandir': [ '2.1.5' ],
18 silly audit   '@nodelib/fs.stat': [ '2.0.5' ],
18 silly audit   '@nodelib/fs.walk': [ '1.2.8' ],
18 silly audit   '@nolyfill/is-core-module': [ '1.0.39' ],
18 silly audit   '@rtsao/scc': [ '1.1.0' ],
18 silly audit   '@socket.io/component-emitter': [ '3.1.2' ],
18 silly audit   '@supabase/auth-js': [ '2.95.3' ],
18 silly audit   '@supabase/functions-js': [ '2.95.3' ],
18 silly audit   '@supabase/postgrest-js': [ '2.95.3' ],
18 silly audit   '@supabase/realtime-js': [ '2.95.3' ],
18 silly audit   '@supabase/storage-js': [ '2.95.3' ],
18 silly audit   '@supabase/supabase-js': [ '2.95.3' ],
18 silly audit   '@swc/helpers': [ '0.5.15' ],
18 silly audit   '@tailwindcss/node': [ '4.1.18' ],
18 silly audit   '@tailwindcss/oxide': [ '4.1.18' ],
18 silly audit   '@tailwindcss/oxide-android-arm64': [ '4.1.18' ],
18 silly audit   '@tailwindcss/oxide-darwin-arm64': [ '4.1.18' ],
18 silly audit   '@tailwindcss/oxide-darwin-x64': [ '4.1.18' ],
18 silly audit   '@tailwindcss/oxide-freebsd-x64': [ '4.1.18' ],
18 silly audit   '@tailwindcss/oxide-linux-arm-gnueabihf': [ '4.1.18' ],
18 silly audit   '@tailwindcss/oxide-linux-arm64-gnu': [ '4.1.18' ],
18 silly audit   '@tailwindcss/oxide-linux-arm64-musl': [ '4.1.18' ],
18 silly audit   '@tailwindcss/oxide-linux-x64-gnu': [ '4.1.18' ],
18 silly audit   '@tailwindcss/oxide-linux-x64-musl': [ '4.1.18' ],
18 silly audit   '@tailwindcss/oxide-wasm32-wasi': [ '4.1.18' ],
18 silly audit   '@tailwindcss/oxide-win32-arm64-msvc': [ '4.1.18' ],
18 silly audit   '@tailwindcss/oxide-win32-x64-msvc': [ '4.1.18' ],
18 silly audit   '@tailwindcss/postcss': [ '4.1.18' ],
18 silly audit   '@tybys/wasm-util': [ '0.10.1' ],
18 silly audit   '@types/cors': [ '2.8.19' ],
18 silly audit   '@types/estree': [ '1.0.8' ],
18 silly audit   '@types/json-schema': [ '7.0.15' ],
18 silly audit   '@types/json5': [ '0.0.29' ],
18 silly audit   '@types/node': [ '20.19.33' ],
18 silly audit   '@types/phoenix': [ '1.6.7' ],
18 silly audit   '@types/react': [ '19.2.14' ],
18 silly audit   '@types/react-dom': [ '19.2.3' ],
18 silly audit   '@types/ws': [ '8.18.1' ],
18 silly audit   '@typescript-eslint/eslint-plugin': [ '8.55.0' ],
18 silly audit   ignore: [ '7.0.5', '5.3.2' ],
18 silly audit   '@typescript-eslint/parser': [ '8.55.0' ],
18 silly audit   '@typescript-eslint/project-service': [ '8.55.0' ],
18 silly audit   '@typescript-eslint/scope-manager': [ '8.55.0' ],
18 silly audit   '@typescript-eslint/tsconfig-utils': [ '8.55.0' ],
18 silly audit   '@typescript-eslint/type-utils': [ '8.55.0' ],
18 silly audit   '@typescript-eslint/types': [ '8.55.0' ],
18 silly audit   '@typescript-eslint/typescript-estree': [ '8.55.0' ],
18 silly audit   'brace-expansion': [ '2.0.2', '1.1.12' ],
18 silly audit   minimatch: [ '9.0.5', '3.1.2' ],
18 silly audit   semver: [ '7.7.4', '6.3.1' ],
18 silly audit   '@typescript-eslint/utils': [ '8.55.0' ],
18 silly audit   '@typescript-eslint/visitor-keys': [ '8.55.0' ],
18 silly audit   '@unrs/resolver-binding-android-arm-eabi': [ '1.11.1' ],
18 silly audit   '@unrs/resolver-binding-android-arm64': [ '1.11.1' ],
18 silly audit   '@unrs/resolver-binding-darwin-arm64': [ '1.11.1' ],
18 silly audit   '@unrs/resolver-binding-darwin-x64': [ '1.11.1' ],
18 silly audit   '@unrs/resolver-binding-freebsd-x64': [ '1.11.1' ],
18 silly audit   '@unrs/resolver-binding-linux-arm-gnueabihf': [ '1.11.1' ],
18 silly audit   '@unrs/resolver-binding-linux-arm-musleabihf': [ '1.11.1' ],
18 silly audit   '@unrs/resolver-binding-linux-arm64-gnu': [ '1.11.1' ],
18 silly audit   '@unrs/resolver-binding-linux-arm64-musl': [ '1.11.1' ],
18 silly audit   '@unrs/resolver-binding-linux-ppc64-gnu': [ '1.11.1' ],
18 silly audit   '@unrs/resolver-binding-linux-riscv64-gnu': [ '1.11.1' ],
18 silly audit   '@unrs/resolver-binding-linux-riscv64-musl': [ '1.11.1' ],
18 silly audit   '@unrs/resolver-binding-linux-s390x-gnu': [ '1.11.1' ],
18 silly audit   '@unrs/resolver-binding-linux-x64-gnu': [ '1.11.1' ],
18 silly audit   '@unrs/resolver-binding-linux-x64-musl': [ '1.11.1' ],
18 silly audit   '@unrs/resolver-binding-wasm32-wasi': [ '1.11.1' ],
18 silly audit   '@unrs/resolver-binding-win32-arm64-msvc': [ '1.11.1' ],
18 silly audit   '@unrs/resolver-binding-win32-ia32-msvc': [ '1.11.1' ],
18 silly audit   '@unrs/resolver-binding-win32-x64-msvc': [ '1.11.1' ],
18 silly audit   accepts: [ '1.3.8' ],
18 silly audit   acorn: [ '8.15.0' ],
18 silly audit   'acorn-jsx': [ '5.3.2' ],
18 silly audit   ajv: [ '6.12.6' ],
18 silly audit   'ansi-styles': [ '4.3.0' ],
18 silly audit   argparse: [ '2.0.1' ],
18 silly audit   'aria-query': [ '5.3.2' ],
18 silly audit   'array-buffer-byte-length': [ '1.0.2' ],
18 silly audit   'array-includes': [ '3.1.9' ],
18 silly audit   'array.prototype.findlast': [ '1.2.5' ],
18 silly audit   'array.prototype.findlastindex': [ '1.2.6' ],
18 silly audit   'array.prototype.flat': [ '1.3.3' ],
18 silly audit   'array.prototype.flatmap': [ '1.3.3' ],
18 silly audit   'array.prototype.tosorted': [ '1.1.4' ],
18 silly audit   'arraybuffer.prototype.slice': [ '1.0.4' ],
18 silly audit   'ast-types-flow': [ '0.0.8' ],
18 silly audit   'async-function': [ '1.0.0' ],
18 silly audit   'available-typed-arrays': [ '1.0.7' ],
18 silly audit   'axe-core': [ '4.11.1' ],
18 silly audit   'axobject-query': [ '4.1.0' ],
18 silly audit   'babel-plugin-react-compiler': [ '1.0.0' ],
18 silly audit   'balanced-match': [ '1.0.2' ],
18 silly audit   base64id: [ '2.0.0' ],
18 silly audit   'baseline-browser-mapping': [ '2.9.19' ],
18 silly audit   bcryptjs: [ '3.0.3' ],
18 silly audit   braces: [ '3.0.3' ],
18 silly audit   browserslist: [ '4.28.1' ],
18 silly audit   'call-bind': [ '1.0.8' ],
18 silly audit   'call-bind-apply-helpers': [ '1.0.2' ],
18 silly audit   'call-bound': [ '1.0.4' ],
18 silly audit   callsites: [ '3.1.0' ],
18 silly audit   'caniuse-lite': [ '1.0.30001769' ],
18 silly audit   chalk: [ '4.1.2' ],
18 silly audit   'client-only': [ '0.0.1' ],
18 silly audit   clsx: [ '2.1.1' ],
18 silly audit   'color-convert': [ '2.0.1' ],
18 silly audit   'color-name': [ '1.1.4' ],
18 silly audit   'concat-map': [ '0.0.1' ],
18 silly audit   'convert-source-map': [ '2.0.0' ],
18 silly audit   cookie: [ '0.7.2' ],
18 silly audit   cors: [ '2.8.6' ],
18 silly audit   'cross-spawn': [ '7.0.6' ],
18 silly audit   csstype: [ '3.2.3' ],
18 silly audit   'damerau-levenshtein': [ '1.0.8' ],
18 silly audit   'data-view-buffer': [ '1.0.2' ],
18 silly audit   'data-view-byte-length': [ '1.0.2' ],
18 silly audit   'data-view-byte-offset': [ '1.0.1' ],
18 silly audit   debug: [ '4.4.3', '3.2.7' ],
18 silly audit   'deep-is': [ '0.1.4' ],
18 silly audit   'define-data-property': [ '1.1.4' ],
18 silly audit   'define-properties': [ '1.2.1' ],
18 silly audit   'detect-libc': [ '2.1.2' ],
18 silly audit   doctrine: [ '2.1.0' ],
18 silly audit   'dunder-proto': [ '1.0.1' ],
18 silly audit   'electron-to-chromium': [ '1.5.286' ],
18 silly audit   'emoji-regex': [ '9.2.2' ],
18 silly audit   'engine.io': [ '6.6.5' ],
18 silly audit   'engine.io-client': [ '6.6.4' ],
18 silly audit   ws: [ '8.18.3', '8.19.0' ],
18 silly audit   'engine.io-parser': [ '5.2.3' ],
18 silly audit   'enhanced-resolve': [ '5.19.0' ],
18 silly audit   'es-abstract': [ '1.24.1' ],
18 silly audit   'es-define-property': [ '1.0.1' ],
18 silly audit   'es-errors': [ '1.3.0' ],
18 silly audit   'es-iterator-helpers': [ '1.2.2' ],
18 silly audit   'es-object-atoms': [ '1.1.1' ],
18 silly audit   'es-set-tostringtag': [ '2.1.0' ],
18 silly audit   'es-shim-unscopables': [ '1.1.0' ],
18 silly audit   'es-to-primitive': [ '1.3.0' ],
18 silly audit   escalade: [ '3.2.0' ],
18 silly audit   'escape-string-regexp': [ '4.0.0' ],
18 silly audit   eslint: [ '9.39.2' ],
18 silly audit   'eslint-config-next': [ '16.1.6' ],
18 silly audit   globals: [ '16.4.0', '14.0.0' ],
18 silly audit   'eslint-import-resolver-node': [ '0.3.9' ],
18 silly audit   'eslint-import-resolver-typescript': [ '3.10.1' ],
18 silly audit   'eslint-module-utils': [ '2.12.1' ],
18 silly audit   'eslint-plugin-import': [ '2.32.0' ],
18 silly audit   'eslint-plugin-jsx-a11y': [ '6.10.2' ],
18 silly audit   'eslint-plugin-react': [ '7.37.5' ],
18 silly audit   'eslint-plugin-react-hooks': [ '7.0.1' ],
18 silly audit   resolve: [ '2.0.0-next.5', '1.22.11' ],
18 silly audit   'eslint-scope': [ '8.4.0' ],
18 silly audit   espree: [ '10.4.0' ],
18 silly audit   esquery: [ '1.7.0' ],
18 silly audit   esrecurse: [ '4.3.0' ],
18 silly audit   estraverse: [ '5.3.0' ],
18 silly audit   esutils: [ '2.0.3' ],
18 silly audit   'fast-deep-equal': [ '3.1.3' ],
18 silly audit   'fast-glob': [ '3.3.1' ],
18 silly audit   'glob-parent': [ '5.1.2', '6.0.2' ],
18 silly audit   'fast-json-stable-stringify': [ '2.1.0' ],
18 silly audit   'fast-levenshtein': [ '2.0.6' ],
18 silly audit   fastq: [ '1.20.1' ],
18 silly audit   'file-entry-cache': [ '8.0.0' ],
18 silly audit   'fill-range': [ '7.1.1' ],
18 silly audit   'find-up': [ '5.0.0' ],
18 silly audit   'flat-cache': [ '4.0.1' ],
18 silly audit   flatted: [ '3.3.3' ],
18 silly audit   'for-each': [ '0.3.5' ],
18 silly audit   'framer-motion': [ '12.34.0' ],
18 silly audit   'function-bind': [ '1.1.2' ],
18 silly audit   'function.prototype.name': [ '1.1.8' ],
18 silly audit   'functions-have-names': [ '1.2.3' ],
18 silly audit   'generator-function': [ '2.0.1' ],
18 silly audit   gensync: [ '1.0.0-beta.2' ],
18 silly audit   'get-intrinsic': [ '1.3.0' ],
18 silly audit   'get-proto': [ '1.0.1' ],
18 silly audit   'get-symbol-description': [ '1.1.0' ],
18 silly audit   'get-tsconfig': [ '4.13.6' ],
18 silly audit   globalthis: [ '1.0.4' ],
18 silly audit   goober: [ '2.1.18' ],
18 silly audit   gopd: [ '1.2.0' ],
18 silly audit   'graceful-fs': [ '4.2.11' ],
18 silly audit   'has-bigints': [ '1.1.0' ],
18 silly audit   'has-flag': [ '4.0.0' ],
18 silly audit   'has-property-descriptors': [ '1.0.2' ],
18 silly audit   'has-proto': [ '1.2.0' ],
18 silly audit   'has-symbols': [ '1.1.0' ],
18 silly audit   'has-tostringtag': [ '1.0.2' ],
18 silly audit   hasown: [ '2.0.2' ],
18 silly audit   'hermes-estree': [ '0.25.1' ],
18 silly audit   'hermes-parser': [ '0.25.1' ],
18 silly audit   'iceberg-js': [ '0.8.1' ],
18 silly audit   'import-fresh': [ '3.3.1' ],
18 silly audit   imurmurhash: [ '0.1.4' ],
18 silly audit   'internal-slot': [ '1.1.0' ],
18 silly audit   'is-array-buffer': [ '3.0.5' ],
18 silly audit   'is-async-function': [ '2.1.1' ],
18 silly audit   'is-bigint': [ '1.1.0' ],
18 silly audit   'is-boolean-object': [ '1.2.2' ],
18 silly audit   'is-bun-module': [ '2.0.0' ],
18 silly audit   'is-callable': [ '1.2.7' ],
18 silly audit   'is-core-module': [ '2.16.1' ],
18 silly audit   'is-data-view': [ '1.0.2' ],
18 silly audit   'is-date-object': [ '1.1.0' ],
18 silly audit   'is-extglob': [ '2.1.1' ],
18 silly audit   'is-finalizationregistry': [ '1.1.1' ],
18 silly audit   'is-generator-function': [ '1.1.2' ],
18 silly audit   'is-glob': [ '4.0.3' ],
18 silly audit   'is-map': [ '2.0.3' ],
18 silly audit   'is-negative-zero': [ '2.0.3' ],
18 silly audit   'is-number': [ '7.0.0' ],
18 silly audit   'is-number-object': [ '1.1.1' ],
18 silly audit   'is-regex': [ '1.2.1' ],
18 silly audit   'is-set': [ '2.0.3' ],
18 silly audit   'is-shared-array-buffer': [ '1.0.4' ],
18 silly audit   'is-string': [ '1.1.1' ],
18 silly audit   'is-symbol': [ '1.1.1' ],
18 silly audit   'is-typed-array': [ '1.1.15' ],
18 silly audit   'is-weakmap': [ '2.0.2' ],
18 silly audit   'is-weakref': [ '1.1.1' ],
18 silly audit   'is-weakset': [ '2.0.4' ],
18 silly audit   isarray: [ '2.0.5' ],
18 silly audit   isexe: [ '2.0.0' ],
18 silly audit   'iterator.prototype': [ '1.1.5' ],
18 silly audit   jiti: [ '2.6.1' ],
18 silly audit   'js-tokens': [ '4.0.0' ],
18 silly audit   'js-yaml': [ '4.1.1' ],
18 silly audit   jsesc: [ '3.1.0' ],
18 silly audit   'json-buffer': [ '3.0.1' ],
18 silly audit   'json-schema-traverse': [ '0.4.1' ],
18 silly audit   'json-stable-stringify-without-jsonify': [ '1.0.1' ],
18 silly audit   json5: [ '2.2.3', '1.0.2' ],
18 silly audit   'jsx-ast-utils': [ '3.3.5' ],
18 silly audit   keyv: [ '4.5.4' ],
18 silly audit   'language-subtag-registry': [ '0.3.23' ],
18 silly audit   'language-tags': [ '1.0.9' ],
18 silly audit   levn: [ '0.4.1' ],
18 silly audit   lightningcss: [ '1.30.2' ],
18 silly audit   'lightningcss-android-arm64': [ '1.30.2' ],
18 silly audit   'lightningcss-darwin-arm64': [ '1.30.2' ],
18 silly audit   'lightningcss-darwin-x64': [ '1.30.2' ],
18 silly audit   'lightningcss-freebsd-x64': [ '1.30.2' ],
18 silly audit   'lightningcss-linux-arm-gnueabihf': [ '1.30.2' ],
18 silly audit   'lightningcss-linux-arm64-gnu': [ '1.30.2' ],
18 silly audit   'lightningcss-linux-arm64-musl': [ '1.30.2' ],
18 silly audit   'lightningcss-linux-x64-gnu': [ '1.30.2' ],
18 silly audit   'lightningcss-linux-x64-musl': [ '1.30.2' ],
18 silly audit   'lightningcss-win32-arm64-msvc': [ '1.30.2' ],
18 silly audit   'lightningcss-win32-x64-msvc': [ '1.30.2' ],
18 silly audit   'locate-path': [ '6.0.0' ],
18 silly audit   'lodash.merge': [ '4.6.2' ],
18 silly audit   'loose-envify': [ '1.4.0' ],
18 silly audit   'lru-cache': [ '5.1.1' ],
18 silly audit   'lucide-react': [ '0.564.0' ],
18 silly audit   'magic-string': [ '0.30.21' ],
18 silly audit   'math-intrinsics': [ '1.1.0' ],
18 silly audit   merge2: [ '1.4.1' ],
18 silly audit   micromatch: [ '4.0.8' ],
18 silly audit   'mime-db': [ '1.52.0' ],
18 silly audit   'mime-types': [ '2.1.35' ],
18 silly audit   minimist: [ '1.2.8' ],
18 silly audit   'motion-dom': [ '12.34.0' ],
18 silly audit   'motion-utils': [ '12.29.2' ],
18 silly audit   ms: [ '2.1.3' ],
18 silly audit   nanoid: [ '5.1.6', '3.3.11' ],
18 silly audit   'napi-postinstall': [ '0.3.4' ],
18 silly audit   'natural-compare': [ '1.4.0' ],
18 silly audit   negotiator: [ '0.6.3' ],
18 silly audit   next: [ '16.1.6' ],
18 silly audit   postcss: [ '8.4.31', '8.5.6' ],
18 silly audit   'node-releases': [ '2.0.27' ],
18 silly audit   'object-assign': [ '4.1.1' ],
18 silly audit   'object-inspect': [ '1.13.4' ],
18 silly audit   'object-keys': [ '1.1.1' ],
18 silly audit   'object.assign': [ '4.1.7' ],
18 silly audit   'object.entries': [ '1.1.9' ],
18 silly audit   'object.fromentries': [ '2.0.8' ],
18 silly audit   'object.groupby': [ '1.0.3' ],
18 silly audit   'object.values': [ '1.2.1' ],
18 silly audit   optionator: [ '0.9.4' ],
18 silly audit   'own-keys': [ '1.0.1' ],
18 silly audit   'p-limit': [ '3.1.0' ],
18 silly audit   'p-locate': [ '5.0.0' ],
18 silly audit   'parent-module': [ '1.0.1' ],
18 silly audit   'path-exists': [ '4.0.0' ],
18 silly audit   'path-key': [ '3.1.1' ],
18 silly audit   'path-parse': [ '1.0.7' ],
18 silly audit   picocolors: [ '1.1.1' ],
18 silly audit   picomatch: [ '2.3.1', '4.0.3' ],
18 silly audit   'possible-typed-array-names': [ '1.1.0' ],
18 silly audit   'prelude-ls': [ '1.2.1' ],
18 silly audit   'prop-types': [ '15.8.1' ],
18 silly audit   punycode: [ '2.3.1' ],
18 silly audit   'queue-microtask': [ '1.2.3' ],
18 silly audit   react: [ '19.2.3' ],
18 silly audit   'react-dom': [ '19.2.3' ],
18 silly audit   'react-hot-toast': [ '2.6.0' ],
18 silly audit   'react-is': [ '16.13.1' ],
18 silly audit   'reflect.getprototypeof': [ '1.0.10' ],
18 silly audit   'regexp.prototype.flags': [ '1.5.4' ],
18 silly audit   'resolve-from': [ '4.0.0' ],
18 silly audit   'resolve-pkg-maps': [ '1.0.0' ],
18 silly audit   reusify: [ '1.1.0' ],
18 silly audit   'run-parallel': [ '1.2.0' ],
18 silly audit   'safe-array-concat': [ '1.1.3' ],
18 silly audit   'safe-push-apply': [ '1.0.0' ],
18 silly audit   'safe-regex-test': [ '1.1.0' ],
18 silly audit   scheduler: [ '0.27.0' ],
18 silly audit   'set-function-length': [ '1.2.2' ],
18 silly audit   'set-function-name': [ '2.0.2' ],
18 silly audit   'set-proto': [ '1.0.0' ],
18 silly audit   sharp: [ '0.34.5' ],
18 silly audit   'shebang-command': [ '2.0.0' ],
18 silly audit   'shebang-regex': [ '3.0.0' ],
18 silly audit   'side-channel': [ '1.1.0' ],
18 silly audit   'side-channel-list': [ '1.0.0' ],
18 silly audit   'side-channel-map': [ '1.0.1' ],
18 silly audit   'side-channel-weakmap': [ '1.0.2' ],
18 silly audit   'socket.io': [ '4.8.3' ],
18 silly audit   'socket.io-adapter': [ '2.5.6' ],
18 silly audit   'socket.io-client': [ '4.8.3' ],
18 silly audit   'socket.io-parser': [ '4.2.5' ],
18 silly audit   'source-map-js': [ '1.2.1' ],
18 silly audit   'stable-hash': [ '0.0.5' ],
18 silly audit   'stop-iteration-iterator': [ '1.1.0' ],
18 silly audit   'string.prototype.includes': [ '2.0.1' ],
18 silly audit   'string.prototype.matchall': [ '4.0.12' ],
18 silly audit   'string.prototype.repeat': [ '1.0.0' ],
18 silly audit   'string.prototype.trim': [ '1.2.10' ],
18 silly audit   'string.prototype.trimend': [ '1.0.9' ],
18 silly audit   'string.prototype.trimstart': [ '1.0.8' ],
18 silly audit   'strip-bom': [ '3.0.0' ],
18 silly audit   'strip-json-comments': [ '3.1.1' ],
18 silly audit   'styled-jsx': [ '5.1.6' ],
18 silly audit   'supports-color': [ '7.2.0' ],
18 silly audit   'supports-preserve-symlinks-flag': [ '1.0.0' ],
18 silly audit   'tailwind-merge': [ '3.4.0' ],
18 silly audit   tailwindcss: [ '4.1.18' ],
18 silly audit   tapable: [ '2.3.0' ],
18 silly audit   tinyglobby: [ '0.2.15' ],
18 silly audit   fdir: [ '6.5.0' ],
18 silly audit   'to-regex-range': [ '5.0.1' ],
18 silly audit   'ts-api-utils': [ '2.4.0' ],
18 silly audit   'tsconfig-paths': [ '3.15.0' ],
18 silly audit   tslib: [ '2.8.1' ],
18 silly audit   'type-check': [ '0.4.0' ],
18 silly audit   'typed-array-buffer': [ '1.0.3' ],
18 silly audit   'typed-array-byte-length': [ '1.0.3' ],
18 silly audit   'typed-array-byte-offset': [ '1.0.4' ],
18 silly audit   'typed-array-length': [ '1.0.7' ],
18 silly audit   typescript: [ '5.9.3' ],
18 silly audit   'typescript-eslint': [ '8.55.0' ],
18 silly audit   'unbox-primitive': [ '1.1.0' ],
18 silly audit   'undici-types': [ '6.21.0' ],
18 silly audit   'unrs-resolver': [ '1.11.1' ],
18 silly audit   'update-browserslist-db': [ '1.2.3' ],
18 silly audit   'uri-js': [ '4.4.1' ],
18 silly audit   vary: [ '1.1.2' ],
18 silly audit   which: [ '2.0.2' ],
18 silly audit   'which-boxed-primitive': [ '1.1.1' ],
18 silly audit   'which-builtin-type': [ '1.2.1' ],
18 silly audit   'which-collection': [ '1.0.2' ],
18 silly audit   'which-typed-array': [ '1.1.20' ],
18 silly audit   'word-wrap': [ '1.2.5' ],
18 silly audit   'xmlhttprequest-ssl': [ '2.1.2' ],
18 silly audit   yallist: [ '3.1.1' ],
18 silly audit   'yocto-queue': [ '0.1.0' ],
18 silly audit   zod: [ '4.3.6' ],
18 silly audit   'zod-validation-error': [ '4.0.2' ]
18 silly audit }
19 http cache xmlhttprequest-ssl@https://registry.npmjs.org/xmlhttprequest-ssl/-/xmlhttprequest-ssl-2.1.2.tgz 0ms (cache hit)
20 http cache ws@https://registry.npmjs.org/ws/-/ws-8.19.0.tgz 0ms (cache hit)
21 http cache tailwind-merge@https://registry.npmjs.org/tailwind-merge/-/tailwind-merge-3.4.0.tgz 0ms (cache hit)
22 http cache vary@https://registry.npmjs.org/vary/-/vary-1.1.2.tgz 0ms (cache hit)
23 http cache socket.io-parser@https://registry.npmjs.org/socket.io-parser/-/socket.io-parser-4.2.5.tgz 0ms (cache hit)
24 http cache socket.io-client@https://registry.npmjs.org/socket.io-client/-/socket.io-client-4.8.3.tgz 0ms (cache hit)
25 http cache socket.io@https://registry.npmjs.org/socket.io/-/socket.io-4.8.3.tgz 0ms (cache hit)
26 http cache socket.io-adapter@https://registry.npmjs.org/socket.io-adapter/-/socket.io-adapter-2.5.6.tgz 0ms (cache hit)
27 http cache react-hot-toast@https://registry.npmjs.org/react-hot-toast/-/react-hot-toast-2.6.0.tgz 0ms (cache hit)
28 http cache negotiator@https://registry.npmjs.org/negotiator/-/negotiator-0.6.3.tgz 0ms (cache hit)
29 http cache motion-utils@https://registry.npmjs.org/motion-utils/-/motion-utils-12.29.2.tgz 0ms (cache hit)
30 http cache mime-types@https://registry.npmjs.org/mime-types/-/mime-types-2.1.35.tgz 0ms (cache hit)
31 http cache mime-db@https://registry.npmjs.org/mime-db/-/mime-db-1.52.0.tgz 0ms (cache hit)
32 http cache lucide-react@https://registry.npmjs.org/lucide-react/-/lucide-react-0.564.0.tgz 0ms (cache hit)
33 http cache motion-dom@https://registry.npmjs.org/motion-dom/-/motion-dom-12.34.0.tgz 0ms (cache hit)
34 http cache iceberg-js@https://registry.npmjs.org/iceberg-js/-/iceberg-js-0.8.1.tgz 0ms (cache hit)
35 http cache goober@https://registry.npmjs.org/goober/-/goober-2.1.18.tgz 0ms (cache hit)
36 http cache framer-motion@https://registry.npmjs.org/framer-motion/-/framer-motion-12.34.0.tgz 0ms (cache hit)
37 http cache engine.io-parser@https://registry.npmjs.org/engine.io-parser/-/engine.io-parser-5.2.3.tgz 0ms (cache hit)
38 http cache engine.io@https://registry.npmjs.org/engine.io/-/engine.io-6.6.5.tgz 0ms (cache hit)
39 http cache cookie@https://registry.npmjs.org/cookie/-/cookie-0.7.2.tgz 0ms (cache hit)
40 http cache engine.io-client@https://registry.npmjs.org/engine.io-client/-/engine.io-client-6.6.4.tgz 0ms (cache hit)
41 http cache clsx@https://registry.npmjs.org/clsx/-/clsx-2.1.1.tgz 0ms (cache hit)
42 http cache bcryptjs@https://registry.npmjs.org/bcryptjs/-/bcryptjs-3.0.3.tgz 0ms (cache hit)
43 http cache cors@https://registry.npmjs.org/cors/-/cors-2.8.6.tgz 0ms (cache hit)
44 http cache accepts@https://registry.npmjs.org/accepts/-/accepts-1.3.8.tgz 0ms (cache hit)
45 http cache @types/ws@https://registry.npmjs.org/@types/ws/-/ws-8.18.1.tgz 0ms (cache hit)
46 http cache @types/phoenix@https://registry.npmjs.org/@types/phoenix/-/phoenix-1.6.7.tgz 0ms (cache hit)
47 http cache @types/cors@https://registry.npmjs.org/@types/cors/-/cors-2.8.19.tgz 0ms (cache hit)
48 http cache @supabase/supabase-js@https://registry.npmjs.org/@supabase/supabase-js/-/supabase-js-2.95.3.tgz 0ms (cache hit)
49 http cache @supabase/realtime-js@https://registry.npmjs.org/@supabase/realtime-js/-/realtime-js-2.95.3.tgz 0ms (cache hit)
50 http cache base64id@https://registry.npmjs.org/base64id/-/base64id-2.0.0.tgz 0ms (cache hit)
51 http cache @supabase/functions-js@https://registry.npmjs.org/@supabase/functions-js/-/functions-js-2.95.3.tgz 0ms (cache hit)
52 http cache @supabase/postgrest-js@https://registry.npmjs.org/@supabase/postgrest-js/-/postgrest-js-2.95.3.tgz 0ms (cache hit)
53 http cache @supabase/storage-js@https://registry.npmjs.org/@supabase/storage-js/-/storage-js-2.95.3.tgz 0ms (cache hit)
54 http cache @supabase/auth-js@https://registry.npmjs.org/@supabase/auth-js/-/auth-js-2.95.3.tgz 0ms (cache hit)
55 http cache @socket.io/component-emitter@https://registry.npmjs.org/@socket.io/component-emitter/-/component-emitter-3.1.2.tgz 0ms (cache hit)
56 http cache nanoid@https://registry.npmjs.org/nanoid/-/nanoid-5.1.6.tgz 0ms (cache hit)
57 http cache @fingerprintjs/fingerprintjs@https://registry.npmjs.org/@fingerprintjs/fingerprintjs/-/fingerprintjs-5.0.1.tgz 0ms (cache hit)
58 http cache ws@https://registry.npmjs.org/ws/-/ws-8.18.3.tgz 0ms (cache hit)
59 http cache ws@https://registry.npmjs.org/ws/-/ws-8.18.3.tgz 0ms (cache hit)
60 http cache ws@https://registry.npmjs.org/ws/-/ws-8.18.3.tgz 0ms (cache hit)
61 http cache nanoid@https://registry.npmjs.org/nanoid/-/nanoid-3.3.11.tgz 0ms (cache hit)
62 http cache nanoid@https://registry.npmjs.org/nanoid/-/nanoid-3.3.11.tgz 0ms (cache hit)
63 http fetch POST 200 https://registry.npmjs.org/-/npm/v1/security/advisories/bulk 734ms
64 silly audit report {}
65 silly ADD node_modules/xmlhttprequest-ssl
66 silly ADD node_modules/ws
67 silly ADD node_modules/vary
68 silly ADD node_modules/tailwind-merge
69 silly ADD node_modules/socket.io-parser
70 silly ADD node_modules/socket.io-client
71 silly ADD node_modules/socket.io-adapter
72 silly ADD node_modules/socket.io-adapter/node_modules/ws
73 silly ADD node_modules/socket.io
74 silly ADD node_modules/react-hot-toast
75 silly ADD node_modules/negotiator
76 silly ADD node_modules/motion-utils
77 silly ADD node_modules/motion-dom
78 silly ADD node_modules/mime-types
79 silly ADD node_modules/mime-db
80 silly ADD node_modules/lucide-react
81 silly ADD node_modules/iceberg-js
82 silly ADD node_modules/goober
83 silly ADD node_modules/framer-motion
84 silly ADD node_modules/engine.io-parser
85 silly ADD node_modules/engine.io-client
86 silly ADD node_modules/engine.io-client/node_modules/ws
87 silly ADD node_modules/engine.io
88 silly ADD node_modules/engine.io/node_modules/ws
89 silly ADD node_modules/cors
90 silly ADD node_modules/cookie
91 silly ADD node_modules/clsx
92 silly ADD node_modules/bcryptjs
93 silly ADD node_modules/base64id
94 silly ADD node_modules/accepts
95 silly ADD node_modules/@types/ws
96 silly ADD node_modules/@types/phoenix
97 silly ADD node_modules/@types/cors
98 silly ADD node_modules/@supabase/supabase-js
99 silly ADD node_modules/@supabase/storage-js
100 silly ADD node_modules/@supabase/realtime-js
101 silly ADD node_modules/@supabase/postgrest-js
102 silly ADD node_modules/@supabase/functions-js
103 silly ADD node_modules/@supabase/auth-js
104 silly ADD node_modules/@socket.io/component-emitter
105 silly ADD node_modules/@fingerprintjs/fingerprintjs
106 silly REMOVE node_modules/@types/bcryptjs
107 silly ADD node_modules/postcss/node_modules/nanoid
108 silly ADD node_modules/next/node_modules/nanoid
109 silly CHANGE node_modules/nanoid
110 verbose cwd /Users/anubhabrakshit/Projects/Intern/pollflow/pollflow-realtime
111 verbose os Darwin 25.2.0
112 verbose node v22.15.1
113 verbose npm  v11.8.0
114 verbose exit 0
115 info ok
